<?xml version="1.0" encoding="UTF-8"?>
<!-- Generated by org.testng.reporters.JUnitReportReporter -->
<testsuite hostname="ISTHYDPC66" failures="0" tests="21" name="testCases.TestCases" time="1104.183" errors="0" timestamp="2024-03-06T16:11:49 IST" skipped="0">
  <testcase classname="testCases.TestCases" name="AQMloginAccessTest" time="42.199"/>
  <testcase classname="testCases.TestCases" name="sideBarDashboard" time="56.695"/>
  <testcase classname="testCases.TestCases" name="configuration" time="58.496"/>
  <testcase classname="testCases.TestCases" name="Config_Device" time="54.152"/>
  <testcase classname="testCases.TestCases" name="configuration_parameter" time="46.791"/>
  <testcase classname="testCases.TestCases" name="configuration_Grouping" time="35.493"/>
  <testcase classname="testCases.TestCases" name="configuration_Grouping_AddGroup" time="32.265"/>
  <testcase classname="testCases.TestCases" name="admin_Users" time="61.875"/>
  <testcase classname="testCases.TestCases" name="admin_addusers" time="36.298"/>
  <testcase classname="testCases.TestCases" name="admin_usersLog" time="43.252"/>
  <testcase classname="testCases.TestCases" name="admin_ApplicationLog" time="39.019"/>
  <testcase classname="testCases.TestCases" name="admin_UserGroup" time="58.133"/>
  <testcase classname="testCases.TestCases" name="admin_createNewGroup" time="52.140"/>
  <testcase classname="testCases.TestCases" name="Reports_PredefinedCharts" time="73.293"/>
  <testcase classname="testCases.TestCases" name="Reports_DetailedAnalysisReports" time="54.760"/>
  <testcase classname="testCases.TestCases" name="Reports_StatisticalReports" time="57.324"/>
  <testcase classname="testCases.TestCases" name="Reports_ExceedenceReport" time="55.329"/>
  <testcase classname="testCases.TestCases" name="Reports_WindRose" time="48.571"/>
  <testcase classname="testCases.TestCases" name="Reports_LiveData" time="89.856"/>
  <testcase classname="testCases.TestCases" name="Reports_DataValidation" time="72.489"/>
  <testcase classname="testCases.TestCases" name="Reports_DataBrowsing" time="35.753"/>
</testsuite> <!-- testCases.TestCases -->
