<?xml version="1.0" encoding="UTF-8"?>
<!-- Generated by org.testng.reporters.JUnitReportReporter -->
<testsuite hostname="ISTHYDPC66" failures="0" tests="21" name="testCases.TestCases" time="727.495" errors="0" timestamp="2024-03-15T13:50:12 IST" skipped="0">
  <testcase classname="testCases.TestCases" name="AQMloginAccessTest" time="18.633"/>
  <testcase classname="testCases.TestCases" name="sideBarDashboard" time="46.923"/>
  <testcase classname="testCases.TestCases" name="configuration" time="53.191"/>
  <testcase classname="testCases.TestCases" name="Config_Device" time="40.773"/>
  <testcase classname="testCases.TestCases" name="configuration_parameter" time="29.469"/>
  <testcase classname="testCases.TestCases" name="configuration_Grouping" time="23.542"/>
  <testcase classname="testCases.TestCases" name="configuration_Grouping_AddGroup" time="26.178"/>
  <testcase classname="testCases.TestCases" name="admin_Users" time="16.019"/>
  <testcase classname="testCases.TestCases" name="admin_addusers" time="18.488"/>
  <testcase classname="testCases.TestCases" name="admin_usersLog" time="37.076"/>
  <testcase classname="testCases.TestCases" name="admin_ApplicationLog" time="35.637"/>
  <testcase classname="testCases.TestCases" name="admin_UserGroup" time="28.765"/>
  <testcase classname="testCases.TestCases" name="admin_createNewGroup" time="22.683"/>
  <testcase classname="testCases.TestCases" name="Reports_PredefinedCharts" time="43.106"/>
  <testcase classname="testCases.TestCases" name="Reports_DetailedAnalysisReports" time="45.002"/>
  <testcase classname="testCases.TestCases" name="Reports_StatisticalReports" time="40.779"/>
  <testcase classname="testCases.TestCases" name="Reports_ExceedenceReport" time="36.291"/>
  <testcase classname="testCases.TestCases" name="Reports_WindRose" time="39.851"/>
  <testcase classname="testCases.TestCases" name="Reports_LiveData" time="64.706"/>
  <testcase classname="testCases.TestCases" name="Reports_DataValidation" time="38.620"/>
  <testcase classname="testCases.TestCases" name="Reports_DataBrowsing" time="21.763"/>
</testsuite> <!-- testCases.TestCases -->
